2025-07-04 15:40:33 [ERROR] Payment exceeds penalty amount for IssueId: 2
2025-07-04 15:40:48 [ERROR] Payment exceeds penalty amount for IssueId: 2
2025-07-04 15:41:27 [ERROR] Payment exceeds penalty amount for IssueId: 2
2025-07-04 15:41:34 [ERROR] Payment exceeds penalty amount for IssueId: 2
2025-07-04 15:49:23 [ERROR] Book not in issued state: 2
2025-07-04 15:50:19 [ERROR] Book not in issued state: 2
2025-07-04 16:52:32 [ERROR] Transaction failed during payment creation
RequestError: Invalid column name 'ReceivedDate'.
    at handleError (C:\Users\Windows\Desktop\New Projetct\library-management-system\.next\server\chunks\node_modules_mssql_93e55d20._.js:3584:23)
    at Connection.emit (node:events:518:28)
    at Connection.emit (C:\Users\Windows\Desktop\New Projetct\library-management-system\.next\server\chunks\node_modules_tedious_lib_connection_cdf92d37.js:879:22)
    at RequestTokenHandler.onErrorMessage (C:\Users\Windows\Desktop\New Projetct\library-management-system\.next\server\chunks\node_modules_tedious_lib_token_778d00c4._.js:2122:25)
    at Readable.<anonymous> (C:\Users\Windows\Desktop\New Projetct\library-management-system\.next\server\chunks\node_modules_tedious_lib_token_778d00c4._.js:1823:39)
    at Readable.emit (node:events:518:28)
    at addChunk (node:internal/streams/readable:561:12)
    at readableAddChunkPushObjectMode (node:internal/streams/readable:538:3)
    at Readable.push (node:internal/streams/readable:393:5)
    at nextAsync (node:internal/streams/from:194:22)
    at process.processTicksAndRejections (node:internal/process/task_queues:105:5)
2025-07-04 16:52:42 [ERROR] Transaction failed during payment creation
RequestError: Invalid column name 'ReceivedDate'.
    at handleError (C:\Users\Windows\Desktop\New Projetct\library-management-system\.next\server\chunks\node_modules_mssql_93e55d20._.js:3584:23)
    at Connection.emit (node:events:518:28)
    at Connection.emit (C:\Users\Windows\Desktop\New Projetct\library-management-system\.next\server\chunks\node_modules_tedious_lib_connection_cdf92d37.js:879:22)
    at RequestTokenHandler.onErrorMessage (C:\Users\Windows\Desktop\New Projetct\library-management-system\.next\server\chunks\node_modules_tedious_lib_token_778d00c4._.js:2122:25)
    at Readable.<anonymous> (C:\Users\Windows\Desktop\New Projetct\library-management-system\.next\server\chunks\node_modules_tedious_lib_token_778d00c4._.js:1823:39)
    at Readable.emit (node:events:518:28)
    at addChunk (node:internal/streams/readable:561:12)
    at readableAddChunkPushObjectMode (node:internal/streams/readable:538:3)
    at Readable.push (node:internal/streams/readable:393:5)
    at nextAsync (node:internal/streams/from:194:22)
    at process.processTicksAndRejections (node:internal/process/task_queues:105:5)
